[2025-08-17 17:01:06] Creating Payment Intent | Data: {"amount":"5.99","currency":"usd"}
[2025-08-17 17:01:07] Payment Intent created successfully | Data: {"id":"pi_3Rx9x9LzvpT6nLjb0C4zIeZ4"}
[2025-08-17 17:01:07] Payment record stored | Data: {"payment_id":"1","payment_intent_id":"pi_3Rx9x9LzvpT6nLjb0C4zIeZ4"}
[2025-08-17 17:17:22] Creating Payment Intent | Data: {"amount":"5.99","currency":"usd"}
[2025-08-17 17:17:22] Payment Intent created successfully | Data: {"id":"pi_3RxACsLzvpT6nLjb1a6vDjyz"}
[2025-08-17 17:17:23] Payment record stored | Data: {"payment_id":"2","payment_intent_id":"pi_3RxACsLzvpT6nLjb1a6vDjyz"}
[2025-08-17 17:24:20] Creating Payment Intent | Data: {"amount":"990.00","currency":"usd"}
[2025-08-17 17:24:20] Payment Intent created successfully | Data: {"id":"pi_3RxAJcLzvpT6nLjb0KOdEvu3"}
[2025-08-17 17:24:21] Payment record stored | Data: {"payment_id":"3","payment_intent_id":"pi_3RxAJcLzvpT6nLjb0KOdEvu3"}
[2025-08-17 17:24:24] Payment confirmed | Data: {"payment_intent_id":"pi_3RxAJcLzvpT6nLjb0KOdEvu3","status":"succeeded"}
[2025-08-17 17:24:25] Purchase record created | Data: {"purchase_id":"26","payment_intent_id":"pi_3RxAJcLzvpT6nLjb0KOdEvu3"}
[2025-08-17 17:24:25] Payment status updated | Data: {"payment_intent_id":"pi_3RxAJcLzvpT6nLjb0KOdEvu3","status":"succeeded"}
[2025-08-17 17:54:44] Creating Payment Intent | Data: {"amount":"30.00","currency":"usd"}
[2025-08-17 17:54:44] Payment Intent created successfully | Data: {"id":"pi_3RxAn2LzvpT6nLjb0Yhgymg8"}
[2025-08-17 17:54:45] Payment record stored | Data: {"payment_id":"4","payment_intent_id":"pi_3RxAn2LzvpT6nLjb0Yhgymg8"}
[2025-08-17 17:54:48] Payment confirmed | Data: {"payment_intent_id":"pi_3RxAn2LzvpT6nLjb0Yhgymg8","status":"succeeded"}
[2025-08-17 17:54:49] Purchase record created | Data: {"purchase_id":"27","payment_intent_id":"pi_3RxAn2LzvpT6nLjb0Yhgymg8"}
[2025-08-17 17:54:49] Payment status updated | Data: {"payment_intent_id":"pi_3RxAn2LzvpT6nLjb0Yhgymg8","status":"succeeded"}
[2025-08-17 18:11:42] Creating Payment Intent | Data: {"amount":60,"currency":"usd"}
[2025-08-17 18:11:42] Payment Intent created successfully | Data: {"id":"pi_3RxB3SLzvpT6nLjb1gCT9Ibr"}
[2025-08-17 18:11:43] Payment record stored | Data: {"payment_id":"5","payment_intent_id":"pi_3RxB3SLzvpT6nLjb1gCT9Ibr"}
[2025-08-17 18:13:04] Creating Payment Intent | Data: {"amount":60,"currency":"usd"}
[2025-08-17 18:13:05] Payment Intent created successfully | Data: {"id":"pi_3RxB4nLzvpT6nLjb0QkDkB2v"}
[2025-08-17 18:13:05] Payment record stored | Data: {"payment_id":"6","payment_intent_id":"pi_3RxB4nLzvpT6nLjb0QkDkB2v"}
[2025-08-17 18:13:28] Creating Payment Intent | Data: {"amount":60,"currency":"usd"}
[2025-08-17 18:13:29] Payment Intent created successfully | Data: {"id":"pi_3RxB5ALzvpT6nLjb0b6sIMAU"}
[2025-08-17 18:13:29] Payment record stored | Data: {"payment_id":"7","payment_intent_id":"pi_3RxB5ALzvpT6nLjb0b6sIMAU"}
[2025-08-17 18:14:01] Creating Payment Intent | Data: {"amount":60,"currency":"usd"}
[2025-08-17 18:14:02] Payment Intent created successfully | Data: {"id":"pi_3RxB5iLzvpT6nLjb0bFb1IMm"}
[2025-08-17 18:14:02] Payment record stored | Data: {"payment_id":"8","payment_intent_id":"pi_3RxB5iLzvpT6nLjb0bFb1IMm"}
[2025-08-17 18:14:34] Creating Payment Intent | Data: {"amount":60,"currency":"usd"}
[2025-08-17 18:14:34] Payment Intent created successfully | Data: {"id":"pi_3RxB6ELzvpT6nLjb19cMTe8g"}
[2025-08-17 18:14:35] Payment record stored | Data: {"payment_id":"9","payment_intent_id":"pi_3RxB6ELzvpT6nLjb19cMTe8g"}
[2025-08-18 11:59:28] Creating Payment Intent | Data: {"amount":9.99,"currency":"usd"}
[2025-08-18 11:59:29] Payment Intent created successfully | Data: {"id":"pi_3RxRinLzvpT6nLjb0GjmlgQz"}
[2025-08-18 11:59:29] Payment record stored | Data: {"payment_id":"10","payment_intent_id":"pi_3RxRinLzvpT6nLjb0GjmlgQz"}
[2025-08-18 12:05:09] Creating Payment Intent | Data: {"amount":60,"currency":"usd"}
[2025-08-18 12:05:10] Payment Intent created successfully | Data: {"id":"pi_3RxRoHLzvpT6nLjb1jioWx9i"}
[2025-08-18 12:05:10] Payment record stored | Data: {"payment_id":"11","payment_intent_id":"pi_3RxRoHLzvpT6nLjb1jioWx9i"}
[2025-08-18 12:27:03] Creating Payment Intent | Data: {"amount":50,"currency":"usd"}
[2025-08-18 12:27:04] Payment Intent created successfully | Data: {"id":"pi_3RxS9TLzvpT6nLjb0uHlfQ97"}
[2025-08-18 12:27:04] Payment record stored | Data: {"payment_id":"15","payment_intent_id":"pi_3RxS9TLzvpT6nLjb0uHlfQ97"}
[2025-08-18 12:27:06] Payment confirmed | Data: {"payment_intent_id":"pi_3RxS9TLzvpT6nLjb0uHlfQ97","status":"succeeded"}
[2025-08-18 12:27:08] Purchase record created | Data: {"purchase_id":"29","payment_intent_id":"pi_3RxS9TLzvpT6nLjb0uHlfQ97"}
[2025-08-18 12:27:08] Payment status updated | Data: {"payment_intent_id":"pi_3RxS9TLzvpT6nLjb0uHlfQ97","status":"succeeded"}
[2025-08-18 18:37:52] Creating Payment Intent | Data: {"amount":58,"currency":"usd"}
[2025-08-18 18:37:53] Payment Intent created successfully | Data: {"id":"pi_3RxW4DLzvpT6nLjb0iYsszs8"}
[2025-08-18 18:37:53] Payment record stored | Data: {"payment_id":"16","payment_intent_id":"pi_3RxW4DLzvpT6nLjb0iYsszs8"}
[2025-08-18 18:39:22] Creating Payment Intent | Data: {"amount":58,"currency":"usd"}
[2025-08-18 18:39:23] Payment Intent created successfully | Data: {"id":"pi_3RxW5fLzvpT6nLjb0h6KA9al"}
[2025-08-18 18:39:23] Payment record stored | Data: {"payment_id":"17","payment_intent_id":"pi_3RxW5fLzvpT6nLjb0h6KA9al"}
[2025-08-19 02:54:22] Creating Payment Intent | Data: {"amount":58,"currency":"usd"}
[2025-08-19 02:54:22] Payment Intent created successfully | Data: {"id":"pi_3RxfgoLzvpT6nLjb1RTtVqxd"}
[2025-08-19 02:54:22] Payment record stored | Data: {"payment_id":"18","payment_intent_id":"pi_3RxfgoLzvpT6nLjb1RTtVqxd"}
[2025-08-19 02:54:34] Payment confirmed | Data: {"payment_intent_id":"pi_3RxfgoLzvpT6nLjb1RTtVqxd","status":"succeeded"}
[2025-08-19 02:54:34] Purchase record created | Data: {"purchase_id":"30","payment_intent_id":"pi_3RxfgoLzvpT6nLjb1RTtVqxd"}
[2025-08-19 02:54:34] Payment status updated | Data: {"payment_intent_id":"pi_3RxfgoLzvpT6nLjb1RTtVqxd","status":"succeeded"}
[2025-08-19 02:57:38] Creating Payment Intent | Data: {"amount":70,"currency":"usd"}
[2025-08-19 02:57:38] Payment Intent created successfully | Data: {"id":"pi_3RxfjyLzvpT6nLjb0NLlY3Hs"}
[2025-08-19 02:57:38] Payment record stored | Data: {"payment_id":"19","payment_intent_id":"pi_3RxfjyLzvpT6nLjb0NLlY3Hs"}
[2025-08-19 02:57:46] Payment confirmed | Data: {"payment_intent_id":"pi_3RxfjyLzvpT6nLjb0NLlY3Hs","status":"succeeded"}
[2025-08-19 02:57:46] Purchase record created | Data: {"purchase_id":"31","payment_intent_id":"pi_3RxfjyLzvpT6nLjb0NLlY3Hs"}
[2025-08-19 02:57:46] Payment status updated | Data: {"payment_intent_id":"pi_3RxfjyLzvpT6nLjb0NLlY3Hs","status":"succeeded"}
[2025-08-19 04:44:07] Webhook signature error | Data: {"error":"No signatures found matching the expected signature for payload"}
[2025-08-19 04:44:11] Webhook signature error | Data: {"error":"No signatures found matching the expected signature for payload"}
[2025-08-19 04:44:22] Webhook signature error | Data: {"error":"No signatures found matching the expected signature for payload"}
[2025-08-19 05:23:06] Webhook signature error | Data: {"error":"No signatures found matching the expected signature for payload"}
[2025-08-19 05:44:32] Webhook signature error | Data: {"error":"No signatures found matching the expected signature for payload"}
[2025-08-19 05:44:36] Webhook signature error | Data: {"error":"No signatures found matching the expected signature for payload"}
[2025-08-19 06:23:01] Webhook signature error | Data: {"error":"No signatures found matching the expected signature for payload"}
[2025-08-19 07:46:54] Webhook signature error | Data: {"error":"No signatures found matching the expected signature for payload"}
[2025-08-19 08:25:22] Webhook signature error | Data: {"error":"No signatures found matching the expected signature for payload"}
[2025-08-19 10:06:14] Webhook signature error | Data: {"error":"No signatures found matching the expected signature for payload"}
[2025-08-19 10:06:31] Webhook signature error | Data: {"error":"No signatures found matching the expected signature for payload"}
[2025-08-19 11:51:55] Webhook signature error | Data: {"error":"No signatures found matching the expected signature for payload"}
[2025-08-19 11:51:57] Webhook signature error | Data: {"error":"No signatures found matching the expected signature for payload"}
[2025-08-19 11:52:04] Webhook signature error | Data: {"error":"No signatures found matching the expected signature for payload"}
[2025-08-19 11:52:09] Webhook signature error | Data: {"error":"No signatures found matching the expected signature for payload"}
[2025-08-19 11:53:16] Webhook signature error | Data: {"error":"No signatures found matching the expected signature for payload"}
[2025-08-19 11:55:30] Webhook signature error | Data: {"error":"No signatures found matching the expected signature for payload"}
[2025-08-19 12:22:44] Retrieved existing customer | Data: {"customer_id":"cus_StbHvH2YORdR2z","user_id":24}
[2025-08-19 12:22:44] Creating Payment Intent | Data: {"amount":40,"currency":"usd"}
[2025-08-19 12:22:44] Payment Intent with customer | Data: {"customer_id":"cus_StbHvH2YORdR2z"}
[2025-08-19 12:22:44] Payment Intent created successfully | Data: {"id":"pi_3RxoYqLzvpT6nLjb1VPX0g4i"}
[2025-08-19 12:22:44] Payment record stored | Data: {"payment_id":"9","payment_intent_id":"pi_3RxoYqLzvpT6nLjb1VPX0g4i"}
[2025-08-19 12:22:51] Webhook signature error | Data: {"error":"No signatures found matching the expected signature for payload"}
[2025-08-19 12:22:52] Payment confirmed | Data: {"payment_intent_id":"pi_3RxoYqLzvpT6nLjb1VPX0g4i","status":"succeeded"}
[2025-08-19 12:22:52] Purchase record created | Data: {"purchase_id":"3","payment_intent_id":"pi_3RxoYqLzvpT6nLjb1VPX0g4i"}
[2025-08-19 12:22:52] Payment status updated | Data: {"payment_intent_id":"pi_3RxoYqLzvpT6nLjb1VPX0g4i","status":"succeeded"}
[2025-08-19 12:41:21] Retrieved existing customer | Data: {"customer_id":"cus_StbHvH2YORdR2z","user_id":24}
[2025-08-19 12:41:21] Creating Payment Intent | Data: {"amount":60,"currency":"usd"}
[2025-08-19 12:41:21] Payment Intent with customer | Data: {"customer_id":"cus_StbHvH2YORdR2z"}
[2025-08-19 12:41:21] Payment Intent created successfully | Data: {"id":"pi_3RxoqrLzvpT6nLjb0N31BYRe"}
[2025-08-19 12:41:21] Payment record stored | Data: {"payment_id":"10","payment_intent_id":"pi_3RxoqrLzvpT6nLjb0N31BYRe"}
[2025-08-19 12:41:23] Webhook signature error | Data: {"error":"No signatures found matching the expected signature for payload"}
[2025-08-19 12:41:28] Payment confirmed | Data: {"payment_intent_id":"pi_3RxoqrLzvpT6nLjb0N31BYRe","status":"succeeded"}
[2025-08-19 12:41:28] Purchase record created | Data: {"purchase_id":"4","payment_intent_id":"pi_3RxoqrLzvpT6nLjb0N31BYRe"}
[2025-08-19 12:41:28] Payment status updated | Data: {"payment_intent_id":"pi_3RxoqrLzvpT6nLjb0N31BYRe","status":"succeeded"}
